<?xml version="1.0" encoding="UTF-8"?>
<!-- Generated by org.testng.reporters.JUnitReportReporter -->
<testsuite hostname="Nikolas-MacBook-Pro.local" name="com.dimaria95.testapp.LoginTest" tests="1" failures="0" timestamp="9 May 2018 13:07:35 GMT" time="0.092" errors="0">
  <testcase name="testLogin" time="0.092" classname="com.dimaria95.testapp.LoginTest"/>
</testsuite> <!-- com.dimaria95.testapp.LoginTest -->
