<?xml version="1.0" encoding="UTF-8"?>
<!-- Generated by org.testng.reporters.JUnitReportReporter -->
<testsuite hostname="Nikolas-MacBook-Pro.local" name="com.dimaria95.testapp.CheckoutTest" tests="1" failures="0" timestamp="14 May 2018 13:13:24 GMT" time="20.334" errors="0">
  <testcase name="checkoutFlowTest" time="20.334" classname="com.dimaria95.testapp.CheckoutTest"/>
</testsuite> <!-- com.dimaria95.testapp.CheckoutTest -->
