<?xml version="1.0" encoding="UTF-8"?>
<!-- Generated by org.testng.reporters.JUnitReportReporter -->
<testsuite hostname="Nikolas-MacBook-Pro.local" name="com.dimaria95.testapp.SearchTest" tests="3" failures="0" timestamp="15 May 2018 09:20:55 GMT" time="19.129" errors="0">
  <testcase name="priceSearch" time="6.936" classname="com.dimaria95.testapp.SearchTest"/>
  <testcase name="categorySearch" time="5.778" classname="com.dimaria95.testapp.SearchTest"/>
  <testcase name="invalidSearch" time="6.415" classname="com.dimaria95.testapp.SearchTest"/>
</testsuite> <!-- com.dimaria95.testapp.SearchTest -->
