<?xml version="1.0" encoding="UTF-8"?>
<!-- Generated by org.testng.reporters.JUnitReportReporter -->
<testsuite hostname="Nikolas-MacBook-Pro.local" name="com.dimaria95.testapp.AddToCartTest" tests="4" failures="0" timestamp="15 May 2018 09:10:43 GMT" time="67.331" errors="0">
  <testcase name="AddMultipleDifferentItems" time="20.695" classname="com.dimaria95.testapp.AddToCartTest"/>
  <testcase name="AddOneItemToCart" time="14.030" classname="com.dimaria95.testapp.AddToCartTest"/>
  <testcase name="removeOneItem" time="15.816" classname="com.dimaria95.testapp.AddToCartTest"/>
  <testcase name="AddMultipleSameItemsToCart" time="16.790" classname="com.dimaria95.testapp.AddToCartTest"/>
</testsuite> <!-- com.dimaria95.testapp.AddToCartTest -->
