<?xml version="1.0" encoding="UTF-8"?>
<!-- Generated by org.testng.reporters.JUnitReportReporter -->
<testsuite hostname="Nikolas-MacBook-Pro.local" name="com.dimaria95.testapp.AddToCartTest" tests="4" failures="0" timestamp="14 May 2018 12:27:33 GMT" time="69.159" errors="0">
  <testcase name="AddMultipleDifferentItems" time="20.792" classname="com.dimaria95.testapp.AddToCartTest"/>
  <testcase name="AddMultipleSameItemsToCart" time="18.099" classname="com.dimaria95.testapp.AddToCartTest"/>
  <testcase name="removeOneItem" time="15.425" classname="com.dimaria95.testapp.AddToCartTest"/>
  <testcase name="AddOneItemToCart" time="14.843" classname="com.dimaria95.testapp.AddToCartTest"/>
</testsuite> <!-- com.dimaria95.testapp.AddToCartTest -->
