<?xml version="1.0" encoding="UTF-8"?>
<!-- Generated by org.testng.reporters.JUnitReportReporter -->
<testsuite hostname="Nikolas-MacBook-Pro.local" name="com.dimaria95.testapp.AddToCartTest" tests="4" failures="0" timestamp="14 May 2018 13:13:24 GMT" time="73.673" errors="0">
  <testcase name="AddOneItemToCart" time="18.918" classname="com.dimaria95.testapp.AddToCartTest"/>
  <testcase name="removeOneItem" time="18.419" classname="com.dimaria95.testapp.AddToCartTest"/>
  <testcase name="AddMultipleDifferentItems" time="20.891" classname="com.dimaria95.testapp.AddToCartTest"/>
  <testcase name="AddMultipleSameItemsToCart" time="15.445" classname="com.dimaria95.testapp.AddToCartTest"/>
</testsuite> <!-- com.dimaria95.testapp.AddToCartTest -->
