<?xml version="1.0" encoding="UTF-8"?>
<!-- Generated by org.testng.reporters.JUnitReportReporter -->
<testsuite hostname="Nikolas-MacBook-Pro.local" name="com.dimaria95.testapp.SearchTest" tests="3" failures="0" timestamp="14 May 2018 12:27:38 GMT" time="15.435" errors="0">
  <testcase name="invalidSearch" time="4.273" classname="com.dimaria95.testapp.SearchTest"/>
  <testcase name="priceSearch" time="5.652" classname="com.dimaria95.testapp.SearchTest"/>
  <testcase name="categorySearch" time="5.510" classname="com.dimaria95.testapp.SearchTest"/>
</testsuite> <!-- com.dimaria95.testapp.SearchTest -->
