<?xml version="1.0" encoding="UTF-8"?>
<!-- Generated by org.testng.reporters.JUnitReportReporter -->
<testsuite hostname="Nikolas-MacBook-Pro.local" name="com.dimaria95.testapp.CheckoutTest" tests="1" failures="0" timestamp="15 May 2018 10:02:17 GMT" time="21.347" errors="0">
  <testcase name="checkoutFlowTest" time="21.347" classname="com.dimaria95.testapp.CheckoutTest"/>
</testsuite> <!-- com.dimaria95.testapp.CheckoutTest -->
