<?xml version="1.0" encoding="UTF-8"?>
<!-- Generated by org.testng.reporters.JUnitReportReporter -->
<testsuite hostname="Nikolas-MacBook-Pro.local" name="com.dimaria95.testapp.AddToCartTest" tests="2" failures="0" timestamp="15 May 2018 10:02:17 GMT" time="33.008" errors="0">
  <testcase name="AddOneItemToCart" time="14.550" classname="com.dimaria95.testapp.AddToCartTest"/>
  <testcase name="removeOneItem" time="18.458" classname="com.dimaria95.testapp.AddToCartTest"/>
</testsuite> <!-- com.dimaria95.testapp.AddToCartTest -->
