<?xml version="1.0" encoding="UTF-8"?>
<!-- Generated by org.testng.reporters.JUnitReportReporter -->
<testsuite hostname="Nikolas-MacBook-Pro.local" name="com.dimaria95.testapp.SearchTest" tests="3" failures="0" timestamp="14 May 2018 13:13:24 GMT" time="14.464" errors="0">
  <testcase name="categorySearch" time="5.043" classname="com.dimaria95.testapp.SearchTest"/>
  <testcase name="priceSearch" time="5.468" classname="com.dimaria95.testapp.SearchTest"/>
  <testcase name="invalidSearch" time="3.953" classname="com.dimaria95.testapp.SearchTest"/>
</testsuite> <!-- com.dimaria95.testapp.SearchTest -->
