<?xml version="1.0" encoding="UTF-8"?>
<!-- Generated by org.testng.reporters.JUnitReportReporter -->
<testsuite hostname="Nikolas-MacBook-Pro.local" name="com.dimaria95.testapp.SearchTest" tests="2" failures="0" timestamp="15 May 2018 10:02:17 GMT" time="10.183" errors="0">
  <testcase name="priceSearch" time="5.342" classname="com.dimaria95.testapp.SearchTest"/>
  <testcase name="categorySearch" time="4.841" classname="com.dimaria95.testapp.SearchTest"/>
</testsuite> <!-- com.dimaria95.testapp.SearchTest -->
