<?xml version="1.0" encoding="UTF-8"?>
<!-- Generated by org.testng.reporters.JUnitReportReporter -->
<testsuite hostname="Nikolas-MacBook-Pro.local" name="com.dimaria95.testapp.AddToCartTest" tests="4" failures="0" timestamp="15 May 2018 09:20:55 GMT" time="98.230" errors="0">
  <testcase name="AddMultipleDifferentItems" time="30.897" classname="com.dimaria95.testapp.AddToCartTest"/>
  <testcase name="AddMultipleSameItemsToCart" time="29.548" classname="com.dimaria95.testapp.AddToCartTest"/>
  <testcase name="removeOneItem" time="22.721" classname="com.dimaria95.testapp.AddToCartTest"/>
  <testcase name="AddOneItemToCart" time="15.064" classname="com.dimaria95.testapp.AddToCartTest"/>
</testsuite> <!-- com.dimaria95.testapp.AddToCartTest -->
