<?xml version="1.0" encoding="UTF-8"?>
<!-- Generated by org.testng.reporters.JUnitReportReporter -->
<testsuite hostname="Nikolas-MacBook-Pro.local" name="com.dimaria95.testapp.AppTest" tests="1" failures="0" timestamp="9 May 2018 11:10:36 GMT" time="0.011" errors="0">
  <testcase name="testApp" time="0.011" classname="com.dimaria95.testapp.AppTest"/>
</testsuite> <!-- com.dimaria95.testapp.AppTest -->
