<?xml version="1.0" encoding="UTF-8"?>
<!-- Generated by org.testng.reporters.JUnitReportReporter -->
<testsuite hostname="Nikolas-MacBook-Pro.local" name="com.dimaria95.testapp.SearchTest" tests="3" failures="0" timestamp="15 May 2018 09:10:43 GMT" time="15.108" errors="0">
  <testcase name="priceSearch" time="5.841" classname="com.dimaria95.testapp.SearchTest"/>
  <testcase name="invalidSearch" time="4.111" classname="com.dimaria95.testapp.SearchTest"/>
  <testcase name="categorySearch" time="5.156" classname="com.dimaria95.testapp.SearchTest"/>
</testsuite> <!-- com.dimaria95.testapp.SearchTest -->
