<?xml version="1.0" encoding="UTF-8"?>
<!-- Generated by org.testng.reporters.JUnitReportReporter -->
<testsuite hostname="Nikolas-MacBook-Pro.local" name="com.dimaria95.testapp.SeleniumTest" tests="1" failures="0" timestamp="9 May 2018 11:11:03 GMT" time="9.118" errors="0">
  <testcase name="testOnFirefox" time="9.118" classname="com.dimaria95.testapp.SeleniumTest"/>
</testsuite> <!-- com.dimaria95.testapp.SeleniumTest -->
